Arguments: 
  D:\nvm\nodejs\node.exe D:\nvm\nodejs\node_modules\yarn\bin\yarn.js

PATH: 
  C:\Windows\system32;C:\Windows;C:\Windows\System32\Wbem;C:\Windows\System32\WindowsPowerShell\v1.0\;C:\Windows\System32\OpenSSH\;C:\Windows\system32;C:\Windows;C:\Windows\System32\Wbem;C:\Windows\System32\WindowsPowerShell\v1.0\;C:\Windows\System32\OpenSSH\;D:\nvm\nvm;D:\nvm\nodejs;C:\Program Files (x86)\NVIDIA Corporation\PhysX\Common;C:\Program Files\NVIDIA Corporation\NVIDIA NvDLISR;C:\Program Files\dotnet\;D:\Git\cmd;C:\Users\wangy\AppData\Local\Microsoft\WindowsApps;D:\nvm\nvm;D:\nvm\nodejs;C:\Users\wangy\AppData\Local\GitHubDesktop\bin;D:\Microsoft VS Code\bin

Yarn version: 
  1.22.19

Node version: 
  18.11.0

Platform: 
  win32 x64

Trace: 
  Error: connect ETIMEDOUT 104.16.20.35:443
      at TCPConnectWrap.afterConnect [as oncomplete] (node:net:1300:16)

npm manifest: 
  {
    "name": "react-ts",
    "version": "0.0.0",
    "private": true,
    "dependencies": {
      "@types/react": "^18.0.8",
      "@types/react-dom": "^18.0.2",
      "less": "^4.1.3",
      "react": "^18.1.0",
      "react-dom": "^18.1.0"
    },
    "scripts": {
      "start": "react-scripts start",
      "build": "react-scripts build",
      "test": "react-scripts test --env=jsdom",
      "eject": "react-scripts eject"
    },
    "devDependencies": {
      "react-scripts": "latest"
    }
  }

yarn manifest: 
  No manifest

Lockfile: 
  No lockfile
